PLINK v2.00a3.7LM 64-bit Intel (24 Oct 2022)
Options in effect:
  --bfile raw-GWA-data
  --export A
  --extract res.glm.logistic.clean.sig2
  --keep ./ukb_cal_chr1_v2_all.fam.sample
  --out gwas/model_data2.txt
  --pheno ./ukb_cal_chr1_v2_all.fam.sample
  --pheno-col-nums 6

Hostname: ailurus-localserver1
Working directory: /home1/songjie/work/P1V001_J44COPD
Start time: Thu Mar 16 02:27:59 2023

Random number seed: 1678904879
257596 MiB RAM detected; reserving 128798 MiB for main workspace.
Using up to 64 threads (change this with --threads).
488377 samples (264797 females, 223467 males, 113 ambiguous; 488377 founders)
loaded from raw-GWA-data.fam.
61966 variants loaded from raw-GWA-data.bim.
1 binary phenotype loaded (445 cases, 445 controls).
--extract: 1 variant remaining.
--keep: 890 samples remaining.
890 samples (485 females, 405 males; 890 founders) remaining after main
filters.
445 cases and 445 controls remaining after main filters.
1 variant remaining after main filters.
--export A: gwas/model_data2.txt.raw written.

End time: Thu Mar 16 02:27:59 2023
